<?xml version="1.0" encoding="UTF-8"?>
<!-- Generated by org.testng.reporters.JUnitXMLReporter -->
<testsuite ignored="0" hostname="DESKTOP-V2ONJQQ" failures="0" tests="3" name="Default test" time="14.312" errors="0" timestamp="27 Feb 2023 12:04:38 GMT">
  <testcase classname="com.ddt.test.LoginPageTest" name="loginPageTitleTest" time="0.024"/>
  <testcase classname="com.ddt.test.LoginPageTest" name="parabankLogoImageTest" time="0.088"/>
  <testcase classname="com.ddt.test.LoginPageTest" name="loginTest" time="0.624"/>
</testsuite> <!-- Default test -->
